<?xml version="1.0" encoding="UTF-8"?>
<!-- Generated by org.testng.reporters.JUnitReportReporter -->
<testsuite hostname="HP" failures="0" tests="1" name="Frameworks.BaseClass" time="52.804" errors="0" timestamp="2024-08-28T19:28:24 IST" skipped="0">
  <testcase classname="Frameworks.BaseClass" name="openchrome" time="52.804"/>
</testsuite> <!-- Frameworks.BaseClass -->
