<?xml version="1.0" encoding="UTF-8"?>
<!-- Generated by org.testng.reporters.JUnitReportReporter -->
<testsuite hostname="HP" failures="0" tests="4" name="Amazon.amazontesting" time="17.230" errors="0" timestamp="2024-09-08T22:41:35 IST" skipped="0">
  <testcase classname="Amazon.amazontesting" name="searchproduct" time="8.325"/>
  <system-out/>
  <testcase classname="Amazon.amazontesting" name="printsearchresults" time="2.253"/>
  <system-out/>
  <testcase classname="Amazon.amazontesting" name="sortbyprint" time="5.711"/>
  <system-out/>
  <testcase classname="Amazon.amazontesting" name="printfirstfivemobiles" time="0.941"/>
  <system-out/>
</testsuite> <!-- Amazon.amazontesting -->
